# JRE version: OpenJDK Runtime Environment (11.0.10) (build 11.0.10+0-b96-7249189)
# Java VM: OpenJDK 64-Bit Server VM (11.0.10+0-b96-7249189, mixed mode, tiered, compressed oops, g1 gc, windows-amd64)
Heap:
 garbage-first heap   total 131072K, used 62434K [0x0000000080000000, 0x0000000100000000)
  region size 1024K, 24 young (24576K), 8 survivors (8192K)
 Metaspace       used 52395K, capacity 53823K, committed 54016K, reserved 1095680K
  class space    used 6649K, capacity 7162K, committed 7168K, reserved 1048576K
GC Heap History (20 events):
Event: 2.701 GC heap before
{Heap before GC invocations=2 (full 0):
 garbage-first heap   total 131072K, used 38017K [0x0000000080000000, 0x0000000100000000)
  region size 1024K, 30 young (30720K), 2 survivors (2048K)
 Metaspace       used 11153K, capacity 11450K, committed 11520K, reserved 1058816K
  class space    used 1166K, capacity 1243K, committed 1280K, reserved 1048576K
}
Event: 2.704 GC heap after
{Heap after GC invocations=3 (full 0):
 garbage-first heap   total 131072K, used 12686K [0x0000000080000000, 0x0000000100000000)
  region size 1024K, 4 young (4096K), 4 survivors (4096K)
 Metaspace       used 11153K, capacity 11450K, committed 11520K, reserved 1058816K
  class space    used 1166K, capacity 1243K, committed 1280K, reserved 1048576K
}
Event: 5.555 GC heap before
{Heap before GC invocations=3 (full 0):
 garbage-first heap   total 131072K, used 71054K [0x0000000080000000, 0x0000000100000000)
  region size 1024K, 61 young (62464K), 4 survivors (4096K)
 Metaspace       used 19324K, capacity 19797K, committed 19968K, reserved 1067008K
  class space    used 2348K, capacity 2506K, committed 2560K, reserved 1048576K
}
Event: 5.564 GC heap after
{Heap after GC invocations=4 (full 0):
 garbage-first heap   total 131072K, used 16295K [0x0000000080000000, 0x0000000100000000)
  region size 1024K, 8 young (8192K), 8 survivors (8192K)
 Metaspace       used 19324K, capacity 19797K, committed 19968K, reserved 1067008K
  class space    used 2348K, capacity 2506K, committed 2560K, reserved 1048576K
}
Event: 5.744 GC heap before
{Heap before GC invocations=4 (full 0):
 garbage-first heap   total 131072K, used 23463K [0x0000000080000000, 0x0000000100000000)
  region size 1024K, 16 young (16384K), 8 survivors (8192K)
 Metaspace       used 20533K, capacity 21100K, committed 21248K, reserved 1067008K
  class space    used 2502K, capacity 2690K, committed 2816K, reserved 1048576K
}
Event: 5.752 GC heap after
{Heap after GC invocations=5 (full 0):
 garbage-first heap   total 131072K, used 16645K [0x0000000080000000, 0x0000000100000000)
  region size 1024K, 1 young (1024K), 1 survivors (1024K)
 Metaspace       used 20533K, capacity 21100K, committed 21248K, reserved 1067008K
  class space    used 2502K, capacity 2690K, committed 2816K, reserved 1048576K
}
Event: 6.862 GC heap before
{Heap before GC invocations=6 (full 0):
 garbage-first heap   total 131072K, used 62725K [0x0000000080000000, 0x0000000100000000)
  region size 1024K, 46 young (47104K), 1 survivors (1024K)
 Metaspace       used 25270K, capacity 25911K, committed 26112K, reserved 1071104K
  class space    used 3279K, capacity 3489K, committed 3584K, reserved 1048576K
}
Event: 6.867 GC heap after
{Heap after GC invocations=7 (full 0):
 garbage-first heap   total 131072K, used 18076K [0x0000000080000000, 0x0000000100000000)
  region size 1024K, 2 young (2048K), 2 survivors (2048K)
 Metaspace       used 25270K, capacity 25911K, committed 26112K, reserved 1071104K
  class space    used 3279K, capacity 3489K, committed 3584K, reserved 1048576K
}
Event: 8.754 GC heap before
{Heap before GC invocations=7 (full 0):
 garbage-first heap   total 131072K, used 70300K [0x0000000080000000, 0x0000000100000000)
  region size 1024K, 53 young (54272K), 2 survivors (2048K)
 Metaspace       used 30966K, capacity 31756K, committed 31872K, reserved 1077248K
  class space    used 4138K, capacity 4397K, committed 4480K, reserved 1048576K
}
Event: 8.761 GC heap after
{Heap after GC invocations=8 (full 0):
 garbage-first heap   total 131072K, used 20143K [0x0000000080000000, 0x0000000100000000)
  region size 1024K, 4 young (4096K), 4 survivors (4096K)
 Metaspace       used 30966K, capacity 31756K, committed 31872K, reserved 1077248K
  class space    used 4138K, capacity 4397K, committed 4480K, reserved 1048576K
}
Event: 9.366 GC heap before
{Heap before GC invocations=8 (full 0):
 garbage-first heap   total 131072K, used 31407K [0x0000000080000000, 0x0000000100000000)
  region size 1024K, 16 young (16384K), 4 survivors (4096K)
 Metaspace       used 35048K, capacity 35834K, committed 35840K, reserved 1081344K
  class space    used 4537K, capacity 4864K, committed 4864K, reserved 1048576K
}
Event: 9.375 GC heap after
{Heap after GC invocations=9 (full 0):
 garbage-first heap   total 131072K, used 22356K [0x0000000080000000, 0x0000000100000000)
  region size 1024K, 7 young (7168K), 7 survivors (7168K)
 Metaspace       used 35048K, capacity 35834K, committed 35840K, reserved 1081344K
  class space    used 4537K, capacity 4864K, committed 4864K, reserved 1048576K
}
Event: 10.454 GC heap before
{Heap before GC invocations=10 (full 0):
 garbage-first heap   total 131072K, used 70484K [0x0000000080000000, 0x0000000100000000)
  region size 1024K, 52 young (53248K), 7 survivors (7168K)
 Metaspace       used 38781K, capacity 39699K, committed 39936K, reserved 1083392K
  class space    used 4929K, capacity 5251K, committed 5376K, reserved 1048576K
}
Event: 10.466 GC heap after
{Heap after GC invocations=11 (full 0):
 garbage-first heap   total 131072K, used 26478K [0x0000000080000000, 0x0000000100000000)
  region size 1024K, 7 young (7168K), 7 survivors (7168K)
 Metaspace       used 38781K, capacity 39699K, committed 39936K, reserved 1083392K
  class space    used 4929K, capacity 5251K, committed 5376K, reserved 1048576K
}
Event: 13.050 GC heap before
{Heap before GC invocations=11 (full 0):
 garbage-first heap   total 131072K, used 74606K [0x0000000080000000, 0x0000000100000000)
  region size 1024K, 54 young (55296K), 7 survivors (7168K)
 Metaspace       used 42988K, capacity 43992K, committed 44288K, reserved 1087488K
  class space    used 5468K, capacity 5823K, committed 5888K, reserved 1048576K
}
Event: 13.061 GC heap after
{Heap after GC invocations=12 (full 0):
 garbage-first heap   total 131072K, used 27649K [0x0000000080000000, 0x0000000100000000)
  region size 1024K, 3 young (3072K), 3 survivors (3072K)
 Metaspace       used 42988K, capacity 43992K, committed 44288K, reserved 1087488K
  class space    used 5468K, capacity 5823K, committed 5888K, reserved 1048576K
}
Event: 16.149 GC heap before
{Heap before GC invocations=12 (full 0):
 garbage-first heap   total 131072K, used 79873K [0x0000000080000000, 0x0000000100000000)
  region size 1024K, 54 young (55296K), 3 survivors (3072K)
 Metaspace       used 46727K, capacity 47977K, committed 48256K, reserved 1091584K
  class space    used 5964K, capacity 6405K, committed 6528K, reserved 1048576K
}
Event: 16.155 GC heap after
{Heap after GC invocations=13 (full 0):
 garbage-first heap   total 131072K, used 29584K [0x0000000080000000, 0x0000000100000000)
  region size 1024K, 5 young (5120K), 5 survivors (5120K)
 Metaspace       used 46727K, capacity 47977K, committed 48256K, reserved 1091584K
  class space    used 5964K, capacity 6405K, committed 6528K, reserved 1048576K
}
Event: 19.148 GC heap before
{Heap before GC invocations=13 (full 0):
 garbage-first heap   total 131072K, used 91024K [0x0000000080000000, 0x0000000100000000)
  region size 1024K, 58 young (59392K), 5 survivors (5120K)
 Metaspace       used 50106K, capacity 51414K, committed 51712K, reserved 1093632K
  class space    used 6367K, capacity 6829K, committed 6912K, reserved 1048576K
}
Event: 19.166 GC heap after
{Heap after GC invocations=14 (full 0):
 garbage-first heap   total 131072K, used 47074K [0x0000000080000000, 0x0000000100000000)
  region size 1024K, 8 young (8192K), 8 survivors (8192K)
 Metaspace       used 50106K, capacity 51414K, committed 51712K, reserved 1093632K
  class space    used 6367K, capacity 6829K, committed 6912K, reserved 1048576K
}

